[debug] [2025-09-14T20:53:13.949Z] ----------------------------------------------------------------------
[debug] [2025-09-14T20:53:13.952Z] Command:       C:\Program Files\nodejs\node.exe C:\Users\as\AppData\Roaming\npm\node_modules\firebase-tools\lib\bin\firebase.js init hosting
[debug] [2025-09-14T20:53:13.953Z] CLI Version:   14.16.0
[debug] [2025-09-14T20:53:13.953Z] Platform:      win32
[debug] [2025-09-14T20:53:13.953Z] Node Version:  v22.17.0
[debug] [2025-09-14T20:53:13.953Z] Time:          Sun Sep 14 2025 13:53:13 GMT-0700 (Pacific Daylight Time)
[debug] [2025-09-14T20:53:13.953Z] ----------------------------------------------------------------------
[debug] 
[debug] [2025-09-14T20:53:13.955Z] >>> [apiv2][query] GET https://firebase-public.firebaseio.com/cli.json [none]
[debug] [2025-09-14T20:53:14.030Z] > command requires scopes: ["email","openid","https://www.googleapis.com/auth/cloudplatformprojects.readonly","https://www.googleapis.com/auth/firebase","https://www.googleapis.com/auth/cloud-platform"]
[debug] [2025-09-14T20:53:14.031Z] > authorizing via signed-in user (knwlgd@gmail.com)
[info] 
     ######## #### ########  ######## ########     ###     ######  ########
     ##        ##  ##     ## ##       ##     ##  ##   ##  ##       ##
     ######    ##  ########  ######   ########  #########  ######  ######
     ##        ##  ##    ##  ##       ##     ## ##     ##       ## ##
     ##       #### ##     ## ######## ########  ##     ##  ######  ########

You're about to initialize a Firebase project in this directory:

  C:\Users\as\Desktop\code\hackathon

[debug] [2025-09-14T20:53:14.860Z] <<< [apiv2][status] GET https://firebase-public.firebaseio.com/cli.json 200
[debug] [2025-09-14T20:53:14.860Z] <<< [apiv2][body] GET https://firebase-public.firebaseio.com/cli.json {"cloudBuildErrorAfter":1594252800000,"cloudBuildWarnAfter":1590019200000,"defaultNode10After":1594252800000,"minVersion":"3.0.5","node8DeploysDisabledAfter":1613390400000,"node8RuntimeDisabledAfter":1615809600000,"node8WarnAfter":1600128000000}
[info] 
=== Project Setup
[info] 
[info] First, let's associate this project directory with a Firebase project.
[info] You can create multiple project aliases by running firebase use --add, 
[info] but for now we'll just set up a default project.
[info] 
[debug] [2025-09-14T20:53:31.383Z] Checked if tokens are valid: false, expires at: 1757781826599
[debug] [2025-09-14T20:53:31.384Z] Checked if tokens are valid: false, expires at: 1757781826599
[debug] [2025-09-14T20:53:31.384Z] > refreshing access token with scopes: []
[debug] [2025-09-14T20:53:31.386Z] >>> [apiv2][query] POST https://www.googleapis.com/oauth2/v3/token [none]
[debug] [2025-09-14T20:53:31.386Z] >>> [apiv2][body] POST https://www.googleapis.com/oauth2/v3/token [omitted]
[debug] [2025-09-14T20:53:32.275Z] <<< [apiv2][status] POST https://www.googleapis.com/oauth2/v3/token 200
[debug] [2025-09-14T20:53:32.276Z] <<< [apiv2][body] POST https://www.googleapis.com/oauth2/v3/token [omitted]
[debug] [2025-09-14T20:53:32.291Z] >>> [apiv2][query] GET https://firebase.googleapis.com/v1beta1/projects pageSize=100
[debug] [2025-09-14T20:53:33.687Z] <<< [apiv2][status] GET https://firebase.googleapis.com/v1beta1/projects 200
[debug] [2025-09-14T20:53:33.687Z] <<< [apiv2][body] GET https://firebase.googleapis.com/v1beta1/projects [omitted]
[debug] [2025-09-14T20:55:02.382Z] ExitPromptError: User force closed the prompt with SIGINT
    at Interface.sigint (C:\Users\as\AppData\Roaming\npm\node_modules\firebase-tools\node_modules\@inquirer\core\dist\commonjs\lib\create-prompt.js:101:37)
    at Interface.emit (node:events:518:28)
    at Interface.emit (node:domain:489:12)
    at [_ttyWrite] [as _ttyWrite] (node:internal/readline/interface:1132:18)
    at ReadStream.onkeypress (node:internal/readline/interface:271:20)
    at ReadStream.emit (node:events:530:35)
    at ReadStream.emit (node:domain:489:12)
    at emitKeys (node:internal/readline/utils:370:14)
    at emitKeys.next (<anonymous>)
    at ReadStream.onData (node:internal/readline/emitKeypressEvents:64:36)
[error] 
[error] Error: An unexpected error has occurred.
[debug] [2025-09-14T20:55:16.415Z] ----------------------------------------------------------------------
[debug] [2025-09-14T20:55:16.418Z] Command:       C:\Program Files\nodejs\node.exe C:\Users\as\AppData\Roaming\npm\node_modules\firebase-tools\lib\bin\firebase.js init hosting
[debug] [2025-09-14T20:55:16.418Z] CLI Version:   14.16.0
[debug] [2025-09-14T20:55:16.418Z] Platform:      win32
[debug] [2025-09-14T20:55:16.418Z] Node Version:  v22.17.0
[debug] [2025-09-14T20:55:16.418Z] Time:          Sun Sep 14 2025 13:55:16 GMT-0700 (Pacific Daylight Time)
[debug] [2025-09-14T20:55:16.418Z] ----------------------------------------------------------------------
[debug] 
[debug] [2025-09-14T20:55:16.422Z] > command requires scopes: ["email","openid","https://www.googleapis.com/auth/cloudplatformprojects.readonly","https://www.googleapis.com/auth/firebase","https://www.googleapis.com/auth/cloud-platform"]
[debug] [2025-09-14T20:55:16.423Z] > authorizing via signed-in user (knwlgd@gmail.com)
[info] 
     ######## #### ########  ######## ########     ###     ######  ########
     ##        ##  ##     ## ##       ##     ##  ##   ##  ##       ##
     ######    ##  ########  ######   ########  #########  ######  ######
     ##        ##  ##    ##  ##       ##     ## ##     ##       ## ##
     ##       #### ##     ## ######## ########  ##     ##  ######  ########

You're about to initialize a Firebase project in this directory:

  C:\Users\as\Desktop\code\hackathon

[info] 
=== Project Setup
[info] 
[info] First, let's associate this project directory with a Firebase project.
[info] You can create multiple project aliases by running firebase use --add, 
[info] but for now we'll just set up a default project.
[info] 
[debug] [2025-09-14T20:56:55.723Z] Checked if tokens are valid: true, expires at: 1757886811276
[debug] [2025-09-14T20:56:55.724Z] Checked if tokens are valid: true, expires at: 1757886811276
[debug] [2025-09-14T20:56:55.726Z] >>> [apiv2][query] GET https://firebase.googleapis.com/v1beta1/projects pageSize=100
[debug] [2025-09-14T20:56:57.149Z] <<< [apiv2][status] GET https://firebase.googleapis.com/v1beta1/projects 200
[debug] [2025-09-14T20:56:57.149Z] <<< [apiv2][body] GET https://firebase.googleapis.com/v1beta1/projects [omitted]
[debug] [2025-09-14T21:03:05.138Z] ----------------------------------------------------------------------
[debug] [2025-09-14T21:03:05.140Z] Command:       C:\Program Files\nodejs\node.exe C:\Users\as\AppData\Roaming\npm\node_modules\firebase-tools\lib\bin\firebase.js init hosting
[debug] [2025-09-14T21:03:05.141Z] CLI Version:   14.16.0
[debug] [2025-09-14T21:03:05.141Z] Platform:      win32
[debug] [2025-09-14T21:03:05.141Z] Node Version:  v22.17.0
[debug] [2025-09-14T21:03:05.142Z] Time:          Sun Sep 14 2025 14:03:05 GMT-0700 (Pacific Daylight Time)
[debug] [2025-09-14T21:03:05.142Z] ----------------------------------------------------------------------
[debug] 
[debug] [2025-09-14T21:03:05.147Z] > command requires scopes: ["email","openid","https://www.googleapis.com/auth/cloudplatformprojects.readonly","https://www.googleapis.com/auth/firebase","https://www.googleapis.com/auth/cloud-platform"]
[debug] [2025-09-14T21:03:05.147Z] > authorizing via signed-in user (knwlgd@gmail.com)
[info] 
     ######## #### ########  ######## ########     ###     ######  ########
     ##        ##  ##     ## ##       ##     ##  ##   ##  ##       ##
     ######    ##  ########  ######   ########  #########  ######  ######
     ##        ##  ##    ##  ##       ##     ## ##     ##       ## ##
     ##       #### ##     ## ######## ########  ##     ##  ######  ########

You're about to initialize a Firebase project in this directory:

  F:\Eman-Work\Web and App development\Fire-baselearning\Practice-folder\hackathon

[info] 
=== Project Setup
[info] 
[info] First, let's associate this project directory with a Firebase project.
[info] You can create multiple project aliases by running firebase use --add, 
[info] but for now we'll just set up a default project.
[info] 
[debug] [2025-09-14T21:03:08.920Z] Checked if tokens are valid: true, expires at: 1757886811276
[debug] [2025-09-14T21:03:08.920Z] Checked if tokens are valid: true, expires at: 1757886811276
[debug] [2025-09-14T21:03:08.924Z] >>> [apiv2][query] GET https://firebase.googleapis.com/v1beta1/projects pageSize=100
[debug] [2025-09-14T21:03:10.526Z] <<< [apiv2][status] GET https://firebase.googleapis.com/v1beta1/projects 200
[debug] [2025-09-14T21:03:10.526Z] <<< [apiv2][body] GET https://firebase.googleapis.com/v1beta1/projects [omitted]
[debug] [2025-09-14T21:04:21.562Z] ExitPromptError: User force closed the prompt with SIGINT
    at Interface.sigint (C:\Users\as\AppData\Roaming\npm\node_modules\firebase-tools\node_modules\@inquirer\core\dist\commonjs\lib\create-prompt.js:101:37)
    at Interface.emit (node:events:518:28)
    at Interface.emit (node:domain:489:12)
    at [_ttyWrite] [as _ttyWrite] (node:internal/readline/interface:1132:18)
    at ReadStream.onkeypress (node:internal/readline/interface:271:20)
    at ReadStream.emit (node:events:530:35)
    at ReadStream.emit (node:domain:489:12)
    at emitKeys (node:internal/readline/utils:370:14)
    at emitKeys.next (<anonymous>)
    at ReadStream.onData (node:internal/readline/emitKeypressEvents:64:36)
[error] 
[error] Error: An unexpected error has occurred.
